Build started 6/25/2015 8:03:37 PM.
     1>Project "C:\Users\saras_000\Documents\ROV_git\ROV\src\rov\Current Build\C++\ROV all comms added\code\SampleVS2012.vcxproj" on node 2 (Build target(s)).
     1>ClCompile:
         C:\Program Files (x86)\Microsoft Visual Studio 12.0\VC\bin\CL.exe /c /I..\include /ZI /nologo /W3 /WX- /Od /Oy- /D WIN32 /D _DEBUG /D _CONSOLE /D _UNICODE /D UNICODE /Gm /EHsc /RTC1 /MDd /GS /fp:precise /Zc:wchar_t /Zc:forScope /Fo"Debug\\" /Fd"Debug\vc120.pdb" /Gd /TP /analyze- /errorReport:prompt ROV_Drive.cpp
         ROV_Drive.cpp
     1>c:\users\saras_000\documents\rov_git\rov\src\rov\current build\c++\rov all comms added\code\rov_drive.cpp(277): warning C4244: 'argument' : conversion from 'float' to 'int', possible loss of data
     1>c:\users\saras_000\documents\rov_git\rov\src\rov\current build\c++\rov all comms added\code\rov_drive.cpp(307): warning C4996: 'strcpy': This function or variable may be unsafe. Consider using strcpy_s instead. To disable deprecation, use _CRT_SECURE_NO_WARNINGS. See online help for details.
                 c:\program files (x86)\microsoft visual studio 12.0\vc\include\string.h(112) : see declaration of 'strcpy'
     1>c:\users\saras_000\documents\rov_git\rov\src\rov\current build\c++\rov all comms added\code\rov_drive.cpp(99): warning C4101: 'cSendBuf' : unreferenced local variable
       Link:
         C:\Program Files (x86)\Microsoft Visual Studio 12.0\VC\bin\link.exe /ERRORREPORT:PROMPT /OUT:"C:\Users\saras_000\Documents\ROV_git\ROV\src\rov\Current Build\C++\ROV all comms added\code\Debug\Sample.exe" /INCREMENTAL /NOLOGO /LIBPATH:..\lib\x86 Leapd.lib kernel32.lib user32.lib gdi32.lib winspool.lib comdlg32.lib advapi32.lib shell32.lib ole32.lib oleaut32.lib uuid.lib odbc32.lib odbccp32.lib kernel32.lib user32.lib gdi32.lib winspool.lib comdlg32.lib advapi32.lib shell32.lib ole32.lib oleaut32.lib uuid.lib odbc32.lib odbccp32.lib /MANIFEST /MANIFESTUAC:"level='asInvoker' uiAccess='false'" /manifest:embed /DEBUG /PDB:"C:\Users\saras_000\Documents\ROV_git\ROV\src\rov\Current Build\C++\ROV all comms added\code\Debug\Sample.pdb" /SUBSYSTEM:CONSOLE /TLBID:1 /DYNAMICBASE /NXCOMPAT /IMPLIB:"C:\Users\saras_000\Documents\ROV_git\ROV\src\rov\Current Build\C++\ROV all comms added\code\Debug\Sample.lib" /MACHINE:X86  /FORCE:MULTIPLE Debug\ROV_Drive.obj
     1>LINK : warning LNK4075: ignoring '/INCREMENTAL' due to '/FORCE' specification
     1>ROV_Drive.obj : warning LNK4075: ignoring '/EDITANDCONTINUE' due to '/OPT:LBR' specification
         SampleVS2012.vcxproj -> C:\Users\saras_000\Documents\ROV_git\ROV\src\rov\Current Build\C++\ROV all comms added\code\Debug\Sample.exe
       PostBuildEvent:
         copy ..\lib\x86\Leapd.dll "C:\Users\saras_000\Documents\ROV_git\ROV\src\rov\Current Build\C++\ROV all comms added\code\Debug\"
         :VCEnd
                 1 file(s) copied.
     1>Done Building Project "C:\Users\saras_000\Documents\ROV_git\ROV\src\rov\Current Build\C++\ROV all comms added\code\SampleVS2012.vcxproj" (Build target(s)).

Build succeeded.

Time Elapsed 00:00:02.80
